#
# A fatal error has been detected by the Java Runtime Environment:
#
#  SIGSEGV (0xb) at pc=0x0000000000000000, pid=3373, tid=85507
#
# JRE version: Java(TM) SE Runtime Environment 18.9 (11.0.13+10) (build 11.0.13+10-LTS-370)
# Java VM: Java HotSpot(TM) 64-Bit Server VM 18.9 (11.0.13+10-LTS-370, mixed mode, tiered, compressed oops, g1 gc, bsd-amd64)
# Problematic frame:
# C  0x0000000000000000
#
# No core dump will be written. Core dumps have been disabled. To enable core dumping, try "ulimit -c unlimited" before starting Java again
#
# If you would like to submit a bug report, please visit:
#   https://bugreport.java.com/bugreport/crash.jsp
#

---------------  S U M M A R Y ------------

Command Line: -XX:TieredStopAtLevel=1 -Xverify:none -Dspring.output.ansi.enabled=always -javaagent:/Applications/IntelliJ IDEA.app/Contents/lib/idea_rt.jar=51831:/Applications/IntelliJ IDEA.app/Contents/bin -Dcom.sun.management.jmxremote -Dspring.jmx.enabled=true -Dspring.liveBeansView.mbeanDomain -Dspring.application.admin.enabled=true -agentpath:/private/var/folders/zx/93k94gtx7wx196g0glm5c4nm0000gp/T/libasyncProfiler.so=start,jfr,event=cpu,interval=1ms,event=alloc,file=/Users/macbookm1/SpringbootThymeleafPhimApplication_2022_05_04_124501.jfr -Dfile.encoding=UTF-8 com.example.springboot_thymeleaf_phim.SpringbootThymeleafPhimApplication

Host: MacBookAir10,1 x86_64 2400 MHz, 8 cores, 8G, Darwin 21.1.0
Time: Wed May  4 12:45:04 2022 +07 elapsed time: 2.804429 seconds (0d 0h 0m 2s)

---------------  T H R E A D  ---------------

Current thread (0x00007ff5d12e8800):  JavaThread "background-preinit" [_thread_in_vm, id=85507, stack(0x000000030f706000,0x000000030f806000)]

Stack: [0x000000030f706000,0x000000030f806000],  sp=0x000000030f804638,  free space=1017k
Java frames: (J=compiled Java code, j=interpreted, Vv=VM code)
v  ~RuntimeStub::new_type_array Runtime1 stub
J 279 c1 java.util.zip.ZipFile$Source.getEntryPos([BZ)I java.base@11.0.13 (206 bytes) @ 0x0000000117ddc5c8 [0x0000000117ddc080+0x0000000000000548]
J 318 c1 java.util.zip.ZipFile.getEntry(Ljava/lang/String;Ljava/util/function/Function;)Ljava/util/zip/ZipEntry; java.base@11.0.13 (73 bytes) @ 0x0000000117ded49c [0x0000000117ded300+0x000000000000019c]
J 1191 c1 java.util.jar.JarFile.getEntry(Ljava/lang/String;)Ljava/util/zip/ZipEntry; java.base@11.0.13 (22 bytes) @ 0x0000000117f762ac [0x0000000117f761e0+0x00000000000000cc]
J 1194 c1 jdk.internal.loader.URLClassPath$JarLoader.getResource(Ljava/lang/String;Z)Ljdk/internal/loader/Resource; java.base@11.0.13 (65 bytes) @ 0x0000000117f78004 [0x0000000117f77f80+0x0000000000000084]
J 1178 c1 jdk.internal.loader.URLClassPath.getResource(Ljava/lang/String;Z)Ljdk/internal/loader/Resource; java.base@11.0.13 (74 bytes) @ 0x0000000117f72024 [0x0000000117f71fc0+0x0000000000000064]
J 1321 c1 jdk.internal.loader.BuiltinClassLoader.findClassOnClassPathOrNull(Ljava/lang/String;)Ljava/lang/Class; java.base@11.0.13 (64 bytes) @ 0x0000000117fbc6ac [0x0000000117fbc600+0x00000000000000ac]
J 1163 c1 jdk.internal.loader.BuiltinClassLoader.loadClassOrNull(Ljava/lang/String;Z)Ljava/lang/Class; java.base@11.0.13 (143 bytes) @ 0x0000000117f63a74 [0x0000000117f63580+0x00000000000004f4]
J 1256 c1 jdk.internal.loader.ClassLoaders$AppClassLoader.loadClass(Ljava/lang/String;Z)Ljava/lang/Class; java.base@11.0.13 (40 bytes) @ 0x0000000117f9abd4 [0x0000000117f9aa80+0x0000000000000154]
J 1244 c1 java.lang.ClassLoader.loadClass(Ljava/lang/String;)Ljava/lang/Class; java.base@11.0.13 (7 bytes) @ 0x0000000117f95084 [0x0000000117f95040+0x0000000000000044]
v  ~StubRoutines::call_stub
j  org.hibernate.validator.internal.metadata.core.ConstraintHelper.<init>(Ljava/util/Set;)V+680
j  org.hibernate.validator.internal.metadata.core.ConstraintHelper.forAllBuiltinConstraints()Lorg/hibernate/validator/internal/metadata/core/ConstraintHelper;+17
j  org.hibernate.validator.internal.engine.ValidatorFactoryImpl.<init>(Ljavax/validation/spi/ConfigurationState;)V+202
j  org.hibernate.validator.HibernateValidator.buildValidatorFactory(Ljavax/validation/spi/ConfigurationState;)Ljavax/validation/ValidatorFactory;+5
j  org.hibernate.validator.internal.engine.AbstractConfigurationImpl.buildValidatorFactory()Ljavax/validation/ValidatorFactory;+211
j  org.springframework.boot.autoconfigure.BackgroundPreinitializer$ValidationInitializer.run()V+10
j  org.springframework.boot.autoconfigure.BackgroundPreinitializer$1.runSafely(Ljava/lang/Runnable;)V+1
j  org.springframework.boot.autoconfigure.BackgroundPreinitializer$1.run()V+21
j  java.lang.Thread.run()V+11 java.base@11.0.13
v  ~StubRoutines::call_stub

siginfo: si_signo: 11 (SIGSEGV), si_code: 1 (SEGV_MAPERR), si_addr: 0x0000000000000000

Register to memory mapping:

RAX=0x0 is NULL
RBX=0x000000030f804658 is pointing into the stack for thread: 0x00007ff5d12e8800
RCX=0x00007ff5d12e8800 is a thread
RDX=0x0000000000000088 is an unknown value
RSP=0x000000030f804638 is pointing into the stack for thread: 0x00007ff5d12e8800
RBP=0x000000010e46ffee: _ZN12MemAllocator10Allocation17notify_allocationEv+0x16 in /Library/Java/JavaVirtualMachines/jdk-11.0.13.jdk/Contents/Home/lib/server/libjvm.dylib at 0x000000010de99000
RSI=0x0000000786800800 is an oop: [B 
{0x0000000786800800} - klass: {type array byte}
 - length: 116
RDI=0x000000030f804608 is pointing into the stack for thread: 0x00007ff5d12e8800
R8 =0x00007ff5d12e8800 is a thread
R9 =0x00007ff5d12e8800 is a thread
R10=0x0000000104aad000 points into unknown readable memory: 0x0000000000000000 | 00 00 00 00 00 00 00 00
R11=0x0000000000000074 is an unknown value
R12=0x0 is NULL
R13=0x000000000000006a is an unknown value
R14=0x0000000786800800 is an oop: [B 
{0x0000000786800800} - klass: {type array byte}
 - length: 116
R15=0x00007ff5d12e8800 is a thread


Registers:
RAX=0x0000000000000000, RBX=0x000000030f804658, RCX=0x00007ff5d12e8800, RDX=0x0000000000000088
RSP=0x000000030f804638, RBP=0x000000010e46ffee, RSI=0x0000000786800800, RDI=0x000000030f804608
R8 =0x00007ff5d12e8800, R9 =0x00007ff5d12e8800, R10=0x0000000104aad000, R11=0x0000000000000074
R12=0x0000000000000000, R13=0x000000000000006a, R14=0x0000000786800800, R15=0x00007ff5d12e8800
RIP=0x0000000000000000, EFLAGS=0x0000000000000212, ERR=0x0000000000000004
  TRAPNO=0x000000000000000e

Top of Stack: (sp=0x000000030f804638)
0x000000030f804638:   000000030f8046b0 000000030f8046a0
0x000000030f804648:   000000010e4703dd 000000030f8046a8
0x000000030f804658:   000000030f8046b0 00007ff5d12e8800
0x000000030f804668:   000000030f804688 000000030f800000
0x000000030f804678:   000000000000a905 0000000000000000
0x000000030f804688:   0000000786800800 00007ff5d12e8800
0x000000030f804698:   0000000000000009 000000030f8046e0
0x000000030f8046a8:   000000010e096289 000000010e7ba5b0
0x000000030f8046b8:   00007ff5d101c600 00007ff5d12e8800
0x000000030f8046c8:   0000000800000820 0000000000000011
0x000000030f8046d8:   00007f0100000074 000000030f804710
0x000000030f8046e8:   000000010e024520 000000030f804730
0x000000030f8046f8:   00007ff5d12e8800 0000000000000074
0x000000030f804708:   0000000000000009 000000030f804b90
0x000000030f804718:   000000011773bc68 00007ff5d12e8800
0x000000030f804728:   ffffffffffffffff 7250724f65727574
0x000000030f804738:   7fb5a35b431e2604 000000005dc66e30
0x000000030f804748:   7e1329d52cf143b8 e30e2ae2c27cd674
0x000000030f804758:   0000000000000000 0000000000000000
0x000000030f804768:   0000000000000000 0000000000000000
0x000000030f804778:   0000000000000000 0000000000000000
0x000000030f804788:   0000000000000000 0000000000000000
0x000000030f804798:   0000000000000000 0000000000000000
0x000000030f8047a8:   7fb5a35b431e2604 000000005dc66e30
0x000000030f8047b8:   7e1329d52cf143b8 e30e2ae2c27cd674
0x000000030f8047c8:   0000000000000000 0000000000000000
0x000000030f8047d8:   0000000000000000 0000000000000000
0x000000030f8047e8:   0000000000000000 0000000000000000
0x000000030f8047f8:   0000000000000000 0000000000000000
0x000000030f804808:   0000000000000000 0000000000000000
0x000000030f804818:   000000010e078f31 00007ff5d12e8800
0x000000030f804828:   000000030f804848 00007ff5d12e8800 

Instructions: (pc=0x0000000000000000)
0xffffffffffffffe0:   

Stack slot to memory mapping:
stack at sp + 0 slots: 0x000000030f8046b0 is pointing into the stack for thread: 0x00007ff5d12e8800
stack at sp + 1 slots: 0x000000030f8046a0 is pointing into the stack for thread: 0x00007ff5d12e8800
stack at sp + 2 slots: 0x000000010e4703dd: _ZNK12MemAllocator8allocateEv+0x77 in /Library/Java/JavaVirtualMachines/jdk-11.0.13.jdk/Contents/Home/lib/server/libjvm.dylib at 0x000000010de99000
stack at sp + 3 slots: 0x000000030f8046a8 is pointing into the stack for thread: 0x00007ff5d12e8800
stack at sp + 4 slots: 0x000000030f8046b0 is pointing into the stack for thread: 0x00007ff5d12e8800
stack at sp + 5 slots: 0x00007ff5d12e8800 is a thread
stack at sp + 6 slots: 0x000000030f804688 is pointing into the stack for thread: 0x00007ff5d12e8800
stack at sp + 7 slots: 0x000000030f800000 is pointing into the stack for thread: 0x00007ff5d12e8800


---------------  P R O C E S S  ---------------

Threads class SMR info:
_java_thread_list=0x00006000000d12a0, length=16, elements={
0x00007ff5d101d000, 0x00007ff5d200b800, 0x00007ff5d28c0800, 0x00007ff5d0811800,
0x00007ff5d0815000, 0x00007ff5d0815800, 0x00007ff5d0816800, 0x00007ff5d108b800,
0x00007ff5d10ac800, 0x00007ff5d2b9a800, 0x00007ff5a0808800, 0x00007ff5d2376000,
0x00007ff5d116f000, 0x00007ff5d0b76000, 0x00007ff5d247f800, 0x00007ff5d12e8800
}

Java Threads: ( => current thread )
  0x00007ff5d101d000 JavaThread "main" [_thread_blocked, id=7939, stack(0x000000030d81e000,0x000000030d91e000)]
  0x00007ff5d200b800 JavaThread "Reference Handler" daemon [_thread_blocked, id=14851, stack(0x000000030df33000,0x000000030e033000)]
  0x00007ff5d28c0800 JavaThread "Finalizer" daemon [_thread_blocked, id=15363, stack(0x000000030e036000,0x000000030e136000)]
  0x00007ff5d0811800 JavaThread "Signal Dispatcher" daemon [_thread_blocked, id=41219, stack(0x000000030e247000,0x000000030e347000)]
  0x00007ff5d0815000 JavaThread "Service Thread" daemon [_thread_blocked, id=40195, stack(0x000000030e34a000,0x000000030e44a000)]
  0x00007ff5d0815800 JavaThread "C1 CompilerThread0" daemon [_thread_blocked, id=39939, stack(0x000000030e44d000,0x000000030e54d000)]
  0x00007ff5d0816800 JavaThread "Sweeper thread" daemon [_thread_blocked, id=39171, stack(0x000000030e550000,0x000000030e650000)]
  0x00007ff5d108b800 JavaThread "Common-Cleaner" daemon [_thread_blocked, id=38147, stack(0x000000030e653000,0x000000030e753000)]
  0x00007ff5d10ac800 JavaThread "Monitor Ctrl-Break" daemon [_thread_in_native, id=24835, stack(0x000000030e756000,0x000000030e856000)]
  0x00007ff5d2b9a800 JavaThread "RMI TCP Accept-0" daemon [_thread_in_native, id=26119, stack(0x000000030e8dc000,0x000000030e9dc000)]
  0x00007ff5a0808800 JavaThread "Attach Listener" daemon [_thread_blocked, id=35075, stack(0x000000030eae2000,0x000000030ebe2000)]
  0x00007ff5d2376000 JavaThread "RMI TCP Connection(1)-127.0.0.1" daemon [_thread_in_native, id=27395, stack(0x000000030ebe5000,0x000000030ece5000)]
  0x00007ff5d116f000 JavaThread "RMI Scheduler(0)" daemon [_thread_blocked, id=28163, stack(0x000000030ece8000,0x000000030ede8000)]
  0x00007ff5d0b76000 JavaThread "Thread-0" [_thread_blocked, id=29955, stack(0x000000030f1f7000,0x000000030f2f7000)]
  0x00007ff5d247f800 JavaThread "restartedMain" [_thread_in_Java, id=31747, stack(0x000000030f2fa000,0x000000030f3fa000)]
=>0x00007ff5d12e8800 JavaThread "background-preinit" [_thread_in_vm, id=85507, stack(0x000000030f706000,0x000000030f806000)]

Other Threads:
  0x00007ff5d104a800 VMThread "VM Thread" [stack: 0x000000030de30000,0x000000030df30000] [id=14595]
  0x00007ff5d2b9b800 WatcherThread [stack: 0x000000030e9df000,0x000000030eadf000] [id=26491]
  0x00007ff5d101e800 GCTaskThread "GC Thread#0" [stack: 0x000000030d921000,0x000000030da21000] [id=12547]
  0x00007ff5d12c2800 GCTaskThread "GC Thread#1" [stack: 0x000000030edeb000,0x000000030eeeb000] [id=34239]
  0x00007ff5d241c000 GCTaskThread "GC Thread#2" [stack: 0x000000030eeee000,0x000000030efee000] [id=33539]
  0x00007ff5d0b7b800 GCTaskThread "GC Thread#3" [stack: 0x000000030f3fd000,0x000000030f4fd000] [id=86799]
  0x00007ff5d0bae800 GCTaskThread "GC Thread#4" [stack: 0x000000030f500000,0x000000030f600000] [id=86551]
  0x00007ff5d12ef800 GCTaskThread "GC Thread#5" [stack: 0x000000030f603000,0x000000030f703000] [id=86019]
  0x00007ff5d133f000 GCTaskThread "GC Thread#6" [stack: 0x000000030f809000,0x000000030f909000] [id=44875]
  0x00007ff5d1343800 GCTaskThread "GC Thread#7" [stack: 0x000000030f90c000,0x000000030fa0c000] [id=84483]
  0x00007ff5d1045000 ConcurrentGCThread "G1 Main Marker" [stack: 0x000000030da24000,0x000000030db24000] [id=12803]
  0x00007ff5d0809000 ConcurrentGCThread "G1 Conc#0" [stack: 0x000000030db27000,0x000000030dc27000] [id=18179]
  0x00007ff5d24ba000 ConcurrentGCThread "G1 Conc#1" [stack: 0x000000030fa0f000,0x000000030fb0f000] [id=45675]
  0x00007ff5d2869000 ConcurrentGCThread "G1 Refine#0" [stack: 0x000000030dc2a000,0x000000030dd2a000] [id=13315]
  0x00007ff5d247e000 ConcurrentGCThread "G1 Refine#1" [stack: 0x000000030eff1000,0x000000030f0f1000] [id=33347]
  0x00007ff5d247e800 ConcurrentGCThread "G1 Refine#2" [stack: 0x000000030f0f4000,0x000000030f1f4000] [id=29451]
  0x00007ff5d286a000 ConcurrentGCThread "G1 Young RemSet Sampling" [stack: 0x000000030dd2d000,0x000000030de2d000] [id=13827]

Threads with active compile tasks:

VM state:not at safepoint (normal execution)

VM Mutex/Monitor currently owned by a thread: None

Heap address: 0x0000000780000000, size: 2048 MB, Compressed Oops mode: Zero based, Oop shift amount: 3
Narrow klass base: 0x0000000800000000, Narrow klass shift: 0
Compressed class space size: 1073741824 Address: 0x0000000800000000

Heap:
 garbage-first heap   total 131072K, used 32047K [0x0000000780000000, 0x0000000800000000)
  region size 1024K, 24 young (24576K), 2 survivors (2048K)
 Metaspace       used 22278K, capacity 22987K, committed 23216K, reserved 1069056K
  class space    used 2693K, capacity 2988K, committed 3072K, reserved 1048576K
Heap Regions: E=young(eden), S=young(survivor), O=old, HS=humongous(starts), HC=humongous(continues), CS=collection set, F=free, A=archive, TAMS=top-at-mark-start (previous, next)
|   0|0x0000000780000000, 0x0000000780100000, 0x0000000780100000|100%|HS|  |TAMS 0x0000000780100000, 0x0000000780000000| Complete 
|   1|0x0000000780100000, 0x0000000780200000, 0x0000000780200000|100%| O|  |TAMS 0x0000000780200000, 0x0000000780100000| Untracked 
|   2|0x0000000780200000, 0x0000000780300000, 0x0000000780300000|100%| O|  |TAMS 0x0000000780300000, 0x0000000780200000| Untracked 
|   3|0x0000000780300000, 0x0000000780400000, 0x0000000780400000|100%| O|  |TAMS 0x0000000780400000, 0x0000000780300000| Untracked 
|   4|0x0000000780400000, 0x0000000780500000, 0x0000000780500000|100%| O|  |TAMS 0x0000000780500000, 0x0000000780400000| Untracked 
|   5|0x0000000780500000, 0x0000000780600000, 0x0000000780600000|100%| O|  |TAMS 0x0000000780600000, 0x0000000780500000| Untracked 
|   6|0x0000000780600000, 0x0000000780700000, 0x0000000780700000|100%| O|  |TAMS 0x0000000780700000, 0x0000000780600000| Untracked 
|   7|0x0000000780700000, 0x0000000780800000, 0x0000000780800000|100%| O|  |TAMS 0x0000000780800000, 0x0000000780700000| Untracked 
|   8|0x0000000780800000, 0x0000000780877a00, 0x0000000780900000| 46%| O|  |TAMS 0x0000000780877a00, 0x0000000780800000| Untracked 
|   9|0x0000000780900000, 0x0000000780900000, 0x0000000780a00000|  0%| F|  |TAMS 0x0000000780900000, 0x0000000780900000| Untracked 
|  10|0x0000000780a00000, 0x0000000780a00000, 0x0000000780b00000|  0%| F|  |TAMS 0x0000000780a00000, 0x0000000780a00000| Untracked 
|  11|0x0000000780b00000, 0x0000000780b00000, 0x0000000780c00000|  0%| F|  |TAMS 0x0000000780b00000, 0x0000000780b00000| Untracked 
|  12|0x0000000780c00000, 0x0000000780c00000, 0x0000000780d00000|  0%| F|  |TAMS 0x0000000780c00000, 0x0000000780c00000| Untracked 
|  13|0x0000000780d00000, 0x0000000780d00000, 0x0000000780e00000|  0%| F|  |TAMS 0x0000000780d00000, 0x0000000780d00000| Untracked 
|  14|0x0000000780e00000, 0x0000000780e00000, 0x0000000780f00000|  0%| F|  |TAMS 0x0000000780e00000, 0x0000000780e00000| Untracked 
|  15|0x0000000780f00000, 0x0000000780f00000, 0x0000000781000000|  0%| F|  |TAMS 0x0000000780f00000, 0x0000000780f00000| Untracked 
|  16|0x0000000781000000, 0x0000000781000000, 0x0000000781100000|  0%| F|  |TAMS 0x0000000781000000, 0x0000000781000000| Untracked 
|  17|0x0000000781100000, 0x0000000781100000, 0x0000000781200000|  0%| F|  |TAMS 0x0000000781100000, 0x0000000781100000| Untracked 
|  18|0x0000000781200000, 0x0000000781200000, 0x0000000781300000|  0%| F|  |TAMS 0x0000000781200000, 0x0000000781200000| Untracked 
|  19|0x0000000781300000, 0x0000000781300000, 0x0000000781400000|  0%| F|  |TAMS 0x0000000781300000, 0x0000000781300000| Untracked 
|  20|0x0000000781400000, 0x0000000781400000, 0x0000000781500000|  0%| F|  |TAMS 0x0000000781400000, 0x0000000781400000| Untracked 
|  21|0x0000000781500000, 0x0000000781500000, 0x0000000781600000|  0%| F|  |TAMS 0x0000000781500000, 0x0000000781500000| Untracked 
|  22|0x0000000781600000, 0x0000000781600000, 0x0000000781700000|  0%| F|  |TAMS 0x0000000781600000, 0x0000000781600000| Untracked 
|  23|0x0000000781700000, 0x0000000781700000, 0x0000000781800000|  0%| F|  |TAMS 0x0000000781700000, 0x0000000781700000| Untracked 
|  24|0x0000000781800000, 0x0000000781800000, 0x0000000781900000|  0%| F|  |TAMS 0x0000000781800000, 0x0000000781800000| Untracked 
|  25|0x0000000781900000, 0x0000000781900000, 0x0000000781a00000|  0%| F|  |TAMS 0x0000000781900000, 0x0000000781900000| Untracked 
|  26|0x0000000781a00000, 0x0000000781a00000, 0x0000000781b00000|  0%| F|  |TAMS 0x0000000781a00000, 0x0000000781a00000| Untracked 
|  27|0x0000000781b00000, 0x0000000781b00000, 0x0000000781c00000|  0%| F|  |TAMS 0x0000000781b00000, 0x0000000781b00000| Untracked 
|  28|0x0000000781c00000, 0x0000000781c00000, 0x0000000781d00000|  0%| F|  |TAMS 0x0000000781c00000, 0x0000000781c00000| Untracked 
|  29|0x0000000781d00000, 0x0000000781d00000, 0x0000000781e00000|  0%| F|  |TAMS 0x0000000781d00000, 0x0000000781d00000| Untracked 
|  30|0x0000000781e00000, 0x0000000781e00000, 0x0000000781f00000|  0%| F|  |TAMS 0x0000000781e00000, 0x0000000781e00000| Untracked 
|  31|0x0000000781f00000, 0x0000000781f00000, 0x0000000782000000|  0%| F|  |TAMS 0x0000000781f00000, 0x0000000781f00000| Untracked 
|  32|0x0000000782000000, 0x0000000782000000, 0x0000000782100000|  0%| F|  |TAMS 0x0000000782000000, 0x0000000782000000| Untracked 
|  33|0x0000000782100000, 0x0000000782100000, 0x0000000782200000|  0%| F|  |TAMS 0x0000000782100000, 0x0000000782100000| Untracked 
|  34|0x0000000782200000, 0x0000000782200000, 0x0000000782300000|  0%| F|  |TAMS 0x0000000782200000, 0x0000000782200000| Untracked 
|  35|0x0000000782300000, 0x0000000782300000, 0x0000000782400000|  0%| F|  |TAMS 0x0000000782300000, 0x0000000782300000| Untracked 
|  36|0x0000000782400000, 0x0000000782400000, 0x0000000782500000|  0%| F|  |TAMS 0x0000000782400000, 0x0000000782400000| Untracked 
|  37|0x0000000782500000, 0x0000000782500000, 0x0000000782600000|  0%| F|  |TAMS 0x0000000782500000, 0x0000000782500000| Untracked 
|  38|0x0000000782600000, 0x0000000782600000, 0x0000000782700000|  0%| F|  |TAMS 0x0000000782600000, 0x0000000782600000| Untracked 
|  39|0x0000000782700000, 0x0000000782700000, 0x0000000782800000|  0%| F|  |TAMS 0x0000000782700000, 0x0000000782700000| Untracked 
|  40|0x0000000782800000, 0x0000000782800000, 0x0000000782900000|  0%| F|  |TAMS 0x0000000782800000, 0x0000000782800000| Untracked 
|  41|0x0000000782900000, 0x0000000782900000, 0x0000000782a00000|  0%| F|  |TAMS 0x0000000782900000, 0x0000000782900000| Untracked 
|  42|0x0000000782a00000, 0x0000000782a00000, 0x0000000782b00000|  0%| F|  |TAMS 0x0000000782a00000, 0x0000000782a00000| Untracked 
|  43|0x0000000782b00000, 0x0000000782b00000, 0x0000000782c00000|  0%| F|  |TAMS 0x0000000782b00000, 0x0000000782b00000| Untracked 
|  44|0x0000000782c00000, 0x0000000782c00000, 0x0000000782d00000|  0%| F|  |TAMS 0x0000000782c00000, 0x0000000782c00000| Untracked 
|  45|0x0000000782d00000, 0x0000000782d00000, 0x0000000782e00000|  0%| F|  |TAMS 0x0000000782d00000, 0x0000000782d00000| Untracked 
|  46|0x0000000782e00000, 0x0000000782e00000, 0x0000000782f00000|  0%| F|  |TAMS 0x0000000782e00000, 0x0000000782e00000| Untracked 
|  47|0x0000000782f00000, 0x0000000782f00000, 0x0000000783000000|  0%| F|  |TAMS 0x0000000782f00000, 0x0000000782f00000| Untracked 
|  48|0x0000000783000000, 0x0000000783000000, 0x0000000783100000|  0%| F|  |TAMS 0x0000000783000000, 0x0000000783000000| Untracked 
|  49|0x0000000783100000, 0x0000000783100000, 0x0000000783200000|  0%| F|  |TAMS 0x0000000783100000, 0x0000000783100000| Untracked 
|  50|0x0000000783200000, 0x0000000783200000, 0x0000000783300000|  0%| F|  |TAMS 0x0000000783200000, 0x0000000783200000| Untracked 
|  51|0x0000000783300000, 0x0000000783300000, 0x0000000783400000|  0%| F|  |TAMS 0x0000000783300000, 0x0000000783300000| Untracked 
|  52|0x0000000783400000, 0x0000000783400000, 0x0000000783500000|  0%| F|  |TAMS 0x0000000783400000, 0x0000000783400000| Untracked 
|  53|0x0000000783500000, 0x0000000783500000, 0x0000000783600000|  0%| F|  |TAMS 0x0000000783500000, 0x0000000783500000| Untracked 
|  54|0x0000000783600000, 0x0000000783600000, 0x0000000783700000|  0%| F|  |TAMS 0x0000000783600000, 0x0000000783600000| Untracked 
|  55|0x0000000783700000, 0x0000000783700000, 0x0000000783800000|  0%| F|  |TAMS 0x0000000783700000, 0x0000000783700000| Untracked 
|  56|0x0000000783800000, 0x0000000783800000, 0x0000000783900000|  0%| F|  |TAMS 0x0000000783800000, 0x0000000783800000| Untracked 
|  57|0x0000000783900000, 0x0000000783900000, 0x0000000783a00000|  0%| F|  |TAMS 0x0000000783900000, 0x0000000783900000| Untracked 
|  58|0x0000000783a00000, 0x0000000783a00000, 0x0000000783b00000|  0%| F|  |TAMS 0x0000000783a00000, 0x0000000783a00000| Untracked 
|  59|0x0000000783b00000, 0x0000000783b00000, 0x0000000783c00000|  0%| F|  |TAMS 0x0000000783b00000, 0x0000000783b00000| Untracked 
|  60|0x0000000783c00000, 0x0000000783c00000, 0x0000000783d00000|  0%| F|  |TAMS 0x0000000783c00000, 0x0000000783c00000| Untracked 
|  61|0x0000000783d00000, 0x0000000783d00000, 0x0000000783e00000|  0%| F|  |TAMS 0x0000000783d00000, 0x0000000783d00000| Untracked 
|  62|0x0000000783e00000, 0x0000000783e00000, 0x0000000783f00000|  0%| F|  |TAMS 0x0000000783e00000, 0x0000000783e00000| Untracked 
|  63|0x0000000783f00000, 0x0000000783f00000, 0x0000000784000000|  0%| F|  |TAMS 0x0000000783f00000, 0x0000000783f00000| Untracked 
|  64|0x0000000784000000, 0x0000000784000000, 0x0000000784100000|  0%| F|  |TAMS 0x0000000784000000, 0x0000000784000000| Untracked 
|  65|0x0000000784100000, 0x0000000784100000, 0x0000000784200000|  0%| F|  |TAMS 0x0000000784100000, 0x0000000784100000| Untracked 
|  66|0x0000000784200000, 0x0000000784200000, 0x0000000784300000|  0%| F|  |TAMS 0x0000000784200000, 0x0000000784200000| Untracked 
|  67|0x0000000784300000, 0x0000000784300000, 0x0000000784400000|  0%| F|  |TAMS 0x0000000784300000, 0x0000000784300000| Untracked 
|  68|0x0000000784400000, 0x0000000784400000, 0x0000000784500000|  0%| F|  |TAMS 0x0000000784400000, 0x0000000784400000| Untracked 
|  69|0x0000000784500000, 0x0000000784500000, 0x0000000784600000|  0%| F|  |TAMS 0x0000000784500000, 0x0000000784500000| Untracked 
|  70|0x0000000784600000, 0x0000000784600000, 0x0000000784700000|  0%| F|  |TAMS 0x0000000784600000, 0x0000000784600000| Untracked 
|  71|0x0000000784700000, 0x0000000784700000, 0x0000000784800000|  0%| F|  |TAMS 0x0000000784700000, 0x0000000784700000| Untracked 
|  72|0x0000000784800000, 0x0000000784800000, 0x0000000784900000|  0%| F|  |TAMS 0x0000000784800000, 0x0000000784800000| Untracked 
|  73|0x0000000784900000, 0x0000000784900000, 0x0000000784a00000|  0%| F|  |TAMS 0x0000000784900000, 0x0000000784900000| Untracked 
|  74|0x0000000784a00000, 0x0000000784a00000, 0x0000000784b00000|  0%| F|  |TAMS 0x0000000784a00000, 0x0000000784a00000| Untracked 
|  75|0x0000000784b00000, 0x0000000784b00000, 0x0000000784c00000|  0%| F|  |TAMS 0x0000000784b00000, 0x0000000784b00000| Untracked 
|  76|0x0000000784c00000, 0x0000000784c00000, 0x0000000784d00000|  0%| F|  |TAMS 0x0000000784c00000, 0x0000000784c00000| Untracked 
|  77|0x0000000784d00000, 0x0000000784d00000, 0x0000000784e00000|  0%| F|  |TAMS 0x0000000784d00000, 0x0000000784d00000| Untracked 
|  78|0x0000000784e00000, 0x0000000784e00000, 0x0000000784f00000|  0%| F|  |TAMS 0x0000000784e00000, 0x0000000784e00000| Untracked 
|  79|0x0000000784f00000, 0x0000000784f00000, 0x0000000785000000|  0%| F|  |TAMS 0x0000000784f00000, 0x0000000784f00000| Untracked 
|  80|0x0000000785000000, 0x0000000785000000, 0x0000000785100000|  0%| F|  |TAMS 0x0000000785000000, 0x0000000785000000| Untracked 
|  81|0x0000000785100000, 0x0000000785100000, 0x0000000785200000|  0%| F|  |TAMS 0x0000000785100000, 0x0000000785100000| Untracked 
|  82|0x0000000785200000, 0x0000000785200000, 0x0000000785300000|  0%| F|  |TAMS 0x0000000785200000, 0x0000000785200000| Untracked 
|  83|0x0000000785300000, 0x0000000785300000, 0x0000000785400000|  0%| F|  |TAMS 0x0000000785300000, 0x0000000785300000| Untracked 
|  84|0x0000000785400000, 0x0000000785400000, 0x0000000785500000|  0%| F|  |TAMS 0x0000000785400000, 0x0000000785400000| Untracked 
|  85|0x0000000785500000, 0x0000000785500000, 0x0000000785600000|  0%| F|  |TAMS 0x0000000785500000, 0x0000000785500000| Untracked 
|  86|0x0000000785600000, 0x0000000785600000, 0x0000000785700000|  0%| F|  |TAMS 0x0000000785600000, 0x0000000785600000| Untracked 
|  87|0x0000000785700000, 0x0000000785700000, 0x0000000785800000|  0%| F|  |TAMS 0x0000000785700000, 0x0000000785700000| Untracked 
|  88|0x0000000785800000, 0x0000000785800000, 0x0000000785900000|  0%| F|  |TAMS 0x0000000785800000, 0x0000000785800000| Untracked 
|  89|0x0000000785900000, 0x0000000785900000, 0x0000000785a00000|  0%| F|  |TAMS 0x0000000785900000, 0x0000000785900000| Untracked 
|  90|0x0000000785a00000, 0x0000000785a00000, 0x0000000785b00000|  0%| F|  |TAMS 0x0000000785a00000, 0x0000000785a00000| Untracked 
|  91|0x0000000785b00000, 0x0000000785b00000, 0x0000000785c00000|  0%| F|  |TAMS 0x0000000785b00000, 0x0000000785b00000| Untracked 
|  92|0x0000000785c00000, 0x0000000785c00000, 0x0000000785d00000|  0%| F|  |TAMS 0x0000000785c00000, 0x0000000785c00000| Untracked 
|  93|0x0000000785d00000, 0x0000000785d00000, 0x0000000785e00000|  0%| F|  |TAMS 0x0000000785d00000, 0x0000000785d00000| Untracked 
|  94|0x0000000785e00000, 0x0000000785e00000, 0x0000000785f00000|  0%| F|  |TAMS 0x0000000785e00000, 0x0000000785e00000| Untracked 
|  95|0x0000000785f00000, 0x0000000785f00000, 0x0000000786000000|  0%| F|  |TAMS 0x0000000785f00000, 0x0000000785f00000| Untracked 
|  96|0x0000000786000000, 0x0000000786000000, 0x0000000786100000|  0%| F|  |TAMS 0x0000000786000000, 0x0000000786000000| Untracked 
|  97|0x0000000786100000, 0x0000000786100000, 0x0000000786200000|  0%| F|  |TAMS 0x0000000786100000, 0x0000000786100000| Untracked 
|  98|0x0000000786200000, 0x0000000786200000, 0x0000000786300000|  0%| F|  |TAMS 0x0000000786200000, 0x0000000786200000| Untracked 
|  99|0x0000000786300000, 0x0000000786300000, 0x0000000786400000|  0%| F|  |TAMS 0x0000000786300000, 0x0000000786300000| Untracked 
| 100|0x0000000786400000, 0x0000000786400000, 0x0000000786500000|  0%| F|  |TAMS 0x0000000786400000, 0x0000000786400000| Untracked 
| 101|0x0000000786500000, 0x0000000786500000, 0x0000000786600000|  0%| F|  |TAMS 0x0000000786500000, 0x0000000786500000| Untracked 
| 102|0x0000000786600000, 0x0000000786600000, 0x0000000786700000|  0%| F|  |TAMS 0x0000000786600000, 0x0000000786600000| Untracked 
| 103|0x0000000786700000, 0x0000000786700000, 0x0000000786800000|  0%| F|  |TAMS 0x0000000786700000, 0x0000000786700000| Untracked 
| 104|0x0000000786800000, 0x0000000786855028, 0x0000000786900000| 33%| E|  |TAMS 0x0000000786800000, 0x0000000786800000| Complete 
| 105|0x0000000786900000, 0x0000000786a00000, 0x0000000786a00000|100%| E|CS|TAMS 0x0000000786900000, 0x0000000786900000| Complete 
| 106|0x0000000786a00000, 0x0000000786b00000, 0x0000000786b00000|100%| E|CS|TAMS 0x0000000786a00000, 0x0000000786a00000| Complete 
| 107|0x0000000786b00000, 0x0000000786c00000, 0x0000000786c00000|100%| E|CS|TAMS 0x0000000786b00000, 0x0000000786b00000| Complete 
| 108|0x0000000786c00000, 0x0000000786d00000, 0x0000000786d00000|100%| E|CS|TAMS 0x0000000786c00000, 0x0000000786c00000| Complete 
| 109|0x0000000786d00000, 0x0000000786e00000, 0x0000000786e00000|100%| E|CS|TAMS 0x0000000786d00000, 0x0000000786d00000| Complete 
| 110|0x0000000786e00000, 0x0000000786f00000, 0x0000000786f00000|100%| E|CS|TAMS 0x0000000786e00000, 0x0000000786e00000| Complete 
| 111|0x0000000786f00000, 0x0000000786fd4200, 0x0000000787000000| 82%| S|CS|TAMS 0x0000000786f00000, 0x0000000786f00000| Complete 
| 112|0x0000000787000000, 0x0000000787100000, 0x0000000787100000|100%| S|CS|TAMS 0x0000000787000000, 0x0000000787000000| Complete 
| 113|0x0000000787100000, 0x0000000787200000, 0x0000000787200000|100%| E|CS|TAMS 0x0000000787100000, 0x0000000787100000| Complete 
| 114|0x0000000787200000, 0x0000000787300000, 0x0000000787300000|100%| E|CS|TAMS 0x0000000787200000, 0x0000000787200000| Complete 
| 115|0x0000000787300000, 0x0000000787400000, 0x0000000787400000|100%| E|CS|TAMS 0x0000000787300000, 0x0000000787300000| Complete 
| 116|0x0000000787400000, 0x0000000787500000, 0x0000000787500000|100%| E|CS|TAMS 0x0000000787400000, 0x0000000787400000| Complete 
| 117|0x0000000787500000, 0x0000000787600000, 0x0000000787600000|100%| E|CS|TAMS 0x0000000787500000, 0x0000000787500000| Complete 
| 118|0x0000000787600000, 0x0000000787700000, 0x0000000787700000|100%| E|CS|TAMS 0x0000000787600000, 0x0000000787600000| Complete 
| 119|0x0000000787700000, 0x0000000787800000, 0x0000000787800000|100%| E|CS|TAMS 0x0000000787700000, 0x0000000787700000| Complete 
| 120|0x0000000787800000, 0x0000000787900000, 0x0000000787900000|100%| E|CS|TAMS 0x0000000787800000, 0x0000000787800000| Complete 
| 121|0x0000000787900000, 0x0000000787a00000, 0x0000000787a00000|100%| E|CS|TAMS 0x0000000787900000, 0x0000000787900000| Complete 
| 122|0x0000000787a00000, 0x0000000787b00000, 0x0000000787b00000|100%| E|CS|TAMS 0x0000000787a00000, 0x0000000787a00000| Complete 
| 123|0x0000000787b00000, 0x0000000787c00000, 0x0000000787c00000|100%| E|CS|TAMS 0x0000000787b00000, 0x0000000787b00000| Complete 
| 124|0x0000000787c00000, 0x0000000787d00000, 0x0000000787d00000|100%| E|CS|TAMS 0x0000000787c00000, 0x0000000787c00000| Complete 
| 125|0x0000000787d00000, 0x0000000787e00000, 0x0000000787e00000|100%| E|CS|TAMS 0x0000000787d00000, 0x0000000787d00000| Complete 
| 126|0x0000000787e00000, 0x0000000787f00000, 0x0000000787f00000|100%| E|CS|TAMS 0x0000000787e00000, 0x0000000787e00000| Complete 
| 127|0x0000000787f00000, 0x0000000788000000, 0x0000000788000000|100%| E|CS|TAMS 0x0000000787f00000, 0x0000000787f00000| Complete 

Card table byte_map: [0x0000000126c25000,0x0000000127025000] _byte_map_base: 0x0000000123025000

Marking Bits (Prev, Next): (CMBitMap*) 0x00007ff5d103c650, (CMBitMap*) 0x00007ff5d103c618
 Prev Bits: [0x0000000129425000, 0x000000012b425000)
 Next Bits: [0x0000000127425000, 0x0000000129425000)

Polling page: 0x0000000104aac000

Metaspace:

Usage:
  Non-class:     19.53 MB capacity,    19.13 MB ( 98%) used,   339.41 KB (  2%) free+waste,    74.88 KB ( <1%) overhead. 
      Class:      2.92 MB capacity,     2.63 MB ( 90%) used,   254.03 KB (  9%) free+waste,    40.12 KB (  1%) overhead. 
       Both:     22.45 MB capacity,    21.76 MB ( 97%) used,   593.44 KB (  3%) free+waste,   115.00 KB ( <1%) overhead. 

Virtual space:
  Non-class space:       20.00 MB reserved,      19.67 MB ( 98%) committed 
      Class space:        1.00 GB reserved,       3.00 MB ( <1%) committed 
             Both:        1.02 GB reserved,      22.67 MB (  2%) committed 

Chunk freelists:
   Non-Class:  7.12 KB
       Class:  2.50 KB
        Both:  9.62 KB

CodeHeap 'non-profiled nmethods': size=238384Kb used=3713Kb max_used=3713Kb free=234670Kb
 bounds [0x0000000117d87000, 0x0000000118137000, 0x0000000126653000]
CodeHeap 'non-nmethods': size=7376Kb used=1123Kb max_used=1123Kb free=6252Kb
 bounds [0x0000000117653000, 0x00000001178c3000, 0x0000000117d87000]
 total_blobs=2590 nmethods=2128 adapters=390
 compilation: enabled
              stopped_count=0, restarted_count=0
 full_count=0

Compilation events (10 events):
Event: 2.799 Thread 0x00007ff5d0815800 2124       1       java.util.EnumSet::noneOf (63 bytes)
Event: 2.800 Thread 0x00007ff5d0815800 nmethod 2124 0x0000000118125410 code [0x0000000118125660, 0x0000000118125ce0]
Event: 2.800 Thread 0x00007ff5d0815800 2125       1       java.util.EnumSet::getUniverse (10 bytes)
Event: 2.800 Thread 0x00007ff5d0815800 nmethod 2125 0x0000000118126410 code [0x00000001181265c0, 0x0000000118126700]
Event: 2.800 Thread 0x00007ff5d0815800 2126       1       java.util.RegularEnumSet::<init> (12 bytes)
Event: 2.800 Thread 0x00007ff5d0815800 nmethod 2126 0x0000000118126890 code [0x0000000118126a20, 0x0000000118126b90]
Event: 2.800 Thread 0x00007ff5d0815800 2127       1       java.util.EnumSet::<init> (15 bytes)
Event: 2.800 Thread 0x00007ff5d0815800 nmethod 2127 0x0000000118126c90 code [0x0000000118126e20, 0x0000000118126f70]
Event: 2.800 Thread 0x00007ff5d0815800 2128       1       java.lang.Class::annotationData (44 bytes)
Event: 2.800 Thread 0x00007ff5d0815800 nmethod 2128 0x0000000118127090 code [0x0000000118127240, 0x0000000118127400]

GC Heap History (8 events):
Event: 1.975 GC heap before
{Heap before GC invocations=0 (full 0):
 garbage-first heap   total 131072K, used 24576K [0x0000000780000000, 0x0000000800000000)
  region size 1024K, 24 young (24576K), 0 survivors (0K)
 Metaspace       used 13871K, capacity 14245K, committed 14464K, reserved 1062912K
  class space    used 1479K, capacity 1627K, committed 1664K, reserved 1048576K
}
Event: 1.994 GC heap after
{Heap after GC invocations=1 (full 0):
 garbage-first heap   total 131072K, used 8789K [0x0000000780000000, 0x0000000800000000)
  region size 1024K, 3 young (3072K), 3 survivors (3072K)
 Metaspace       used 13871K, capacity 14245K, committed 14464K, reserved 1062912K
  class space    used 1479K, capacity 1627K, committed 1664K, reserved 1048576K
}
Event: 2.144 GC heap before
{Heap before GC invocations=1 (full 0):
 garbage-first heap   total 131072K, used 27221K [0x0000000780000000, 0x0000000800000000)
  region size 1024K, 22 young (22528K), 3 survivors (3072K)
 Metaspace       used 14999K, capacity 15375K, committed 15744K, reserved 1062912K
  class space    used 1627K, capacity 1795K, committed 1920K, reserved 1048576K
}
Event: 2.149 GC heap after
{Heap after GC invocations=2 (full 0):
 garbage-first heap   total 131072K, used 9159K [0x0000000780000000, 0x0000000800000000)
  region size 1024K, 1 young (1024K), 1 survivors (1024K)
 Metaspace       used 14999K, capacity 15375K, committed 15744K, reserved 1062912K
  class space    used 1627K, capacity 1795K, committed 1920K, reserved 1048576K
}
Event: 2.506 GC heap before
{Heap before GC invocations=2 (full 0):
 garbage-first heap   total 131072K, used 65479K [0x0000000780000000, 0x0000000800000000)
  region size 1024K, 57 young (58368K), 1 survivors (1024K)
 Metaspace       used 18313K, capacity 18875K, committed 19072K, reserved 1067008K
  class space    used 2091K, capacity 2316K, committed 2432K, reserved 1048576K
}
Event: 2.510 GC heap after
{Heap after GC invocations=3 (full 0):
 garbage-first heap   total 131072K, used 10044K [0x0000000780000000, 0x0000000800000000)
  region size 1024K, 2 young (2048K), 2 survivors (2048K)
 Metaspace       used 18313K, capacity 18875K, committed 19072K, reserved 1067008K
  class space    used 2091K, capacity 2316K, committed 2432K, reserved 1048576K
}
Event: 2.648 GC heap before
{Heap before GC invocations=3 (full 0):
 garbage-first heap   total 131072K, used 24380K [0x0000000780000000, 0x0000000800000000)
  region size 1024K, 17 young (17408K), 2 survivors (2048K)
 Metaspace       used 20477K, capacity 21107K, committed 21296K, reserved 1069056K
  class space    used 2395K, capacity 2658K, committed 2688K, reserved 1048576K
}
Event: 2.654 GC heap after
{Heap after GC invocations=4 (full 0):
 garbage-first heap   total 131072K, used 10543K [0x0000000780000000, 0x0000000800000000)
  region size 1024K, 2 young (2048K), 2 survivors (2048K)
 Metaspace       used 20477K, capacity 21107K, committed 21296K, reserved 1069056K
  class space    used 2395K, capacity 2658K, committed 2688K, reserved 1048576K
}

Deoptimization events (0 events):
No events

Classes redefined (0 events):
No events

Internal exceptions (10 events):
Event: 2.477 Thread 0x00007ff5d247f800 Exception <a 'java/lang/NoSuchMethodError'{0x0000000784715698}: java.lang.invoke.DirectMethodHandle$Holder.invokeSpecialIFC(Ljava/lang/Object;Ljava/lang/Object;Ljava/lang/Object;Ljava/lang/Object;)I> (0x0000000784715698) thrown at [./open/src/hotspot/shar
Event: 2.530 Thread 0x00007ff5d247f800 Exception <a 'java/lang/NoSuchMethodError'{0x0000000787e5e788}: java.lang.invoke.DirectMethodHandle$Holder.invokeVirtual(Ljava/lang/Object;Ljava/lang/Object;Ljava/lang/Object;)Ljava/lang/Object;> (0x0000000787e5e788) thrown at [./open/src/hotspot/share/in
Event: 2.535 Thread 0x00007ff5d247f800 Exception <a 'java/lang/NoSuchMethodError'{0x0000000787d21f50}: java.lang.invoke.DirectMethodHandle$Holder.invokeSpecialIFC(Ljava/lang/Object;Ljava/lang/Object;I)I> (0x0000000787d21f50) thrown at [./open/src/hotspot/share/interpreter/linkResolver.cpp, lin
Event: 2.539 Thread 0x00007ff5d247f800 Exception <a 'java/lang/NoSuchMethodError'{0x0000000787da5cb8}: java.lang.invoke.DirectMethodHandle$Holder.invokeStatic(Ljava/lang/Object;Ljava/lang/Object;I)V> (0x0000000787da5cb8) thrown at [./open/src/hotspot/share/interpreter/linkResolver.cpp, line 77
Event: 2.541 Thread 0x00007ff5d247f800 Exception <a 'java/lang/NoSuchMethodError'{0x0000000787dad1d8}: java.lang.invoke.DirectMethodHandle$Holder.invokeStaticInit(Ljava/lang/Object;Ljava/lang/Object;)V> (0x0000000787dad1d8) thrown at [./open/src/hotspot/share/interpreter/linkResolver.cpp, line
Event: 2.543 Thread 0x00007ff5d247f800 Exception <a 'java/lang/NoSuchMethodError'{0x0000000787ddd738}: java.lang.invoke.DirectMethodHandle$Holder.invokeStaticInit(Ljava/lang/Object;Ljava/lang/Object;Ljava/lang/Object;)V> (0x0000000787ddd738) thrown at [./open/src/hotspot/share/interpreter/link
Event: 2.563 Thread 0x00007ff5d247f800 Exception <a 'java/lang/NoSuchMethodError'{0x0000000787ccfab8}: java.lang.invoke.DirectMethodHandle$Holder.invokeVirtual(Ljava/lang/Object;Ljava/lang/Object;Ljava/lang/Object;Ljava/lang/Object;)V> (0x0000000787ccfab8) thrown at [./open/src/hotspot/share/i
Event: 2.592 Thread 0x00007ff5d247f800 Exception <a 'java/lang/NoSuchMethodError'{0x000000078791e780}: java.lang.invoke.DirectMethodHandle$Holder.invokeSpecial(Ljava/lang/Object;Ljava/lang/Object;Ljava/lang/Object;Ljava/lang/Object;Ljava/lang/Object;)V> (0x000000078791e780) thrown at [./open/s
Event: 2.766 Thread 0x00007ff5d247f800 Exception <a 'java/lang/NoSuchMethodError'{0x00000007872b7ed0}: java.lang.invoke.DelegatingMethodHandle$Holder.delegate(Ljava/lang/Object;Ljava/lang/Object;ILjava/lang/Object;)V> (0x00000007872b7ed0) thrown at [./open/src/hotspot/share/interpreter/linkRes
Event: 2.786 Thread 0x00007ff5d247f800 Exception <a 'java/lang/NoSuchMethodError'{0x0000000786c77358}: java.lang.invoke.DirectMethodHandle$Holder.invokeStaticInit(Ljava/lang/Object;Ljava/lang/Object;Ljava/lang/Object;Ljava/lang/Object;)V> (0x0000000786c77358) thrown at [./open/src/hotspot/shar

Events (10 events):
Event: 2.798 loading class java/time/chrono/MinguoDate
Event: 2.799 loading class java/time/chrono/MinguoDate done
Event: 2.799 loading class java/time/chrono/ThaiBuddhistDate
Event: 2.799 loading class java/time/chrono/ThaiBuddhistDate done
Event: 2.800 loading class org/hibernate/validator/internal/constraintvalidators/bv/time/futureorpresent/FutureOrPresentValidatorForCalendar
Event: 2.800 loading class org/hibernate/validator/internal/constraintvalidators/bv/time/futureorpresent/FutureOrPresentValidatorForCalendar done
Event: 2.800 loading class org/hibernate/validator/internal/constraintvalidators/bv/time/futureorpresent/AbstractFutureOrPresentInstantBasedValidator
Event: 2.800 loading class org/hibernate/validator/internal/constraintvalidators/bv/time/futureorpresent/AbstractFutureOrPresentInstantBasedValidator done
Event: 2.800 loading class org/hibernate/validator/internal/constraintvalidators/bv/time/futureorpresent/FutureOrPresentValidatorForDate
Event: 2.800 loading class org/hibernate/validator/internal/constraintvalidators/bv/time/futureorpresent/FutureOrPresentValidatorForDate done


Dynamic libraries:
0x000000010d0da000 	/Library/Java/JavaVirtualMachines/jdk-11.0.13.jdk/Contents/Home/lib/jli/libjli.dylib
0x00007ff819b40000 	/System/Library/Frameworks/Cocoa.framework/Versions/A/Cocoa
0x00007ff8053e1000 	/System/Library/Frameworks/AppKit.framework/Versions/C/AppKit
0x00007ff808931000 	/System/Library/Frameworks/CoreData.framework/Versions/A/CoreData
0x00007ff8037fc000 	/System/Library/Frameworks/Foundation.framework/Versions/C/Foundation
0x00007ff80dc24000 	/usr/lib/libSystem.B.dylib
0x00007ff80626e000 	/System/Library/PrivateFrameworks/UIFoundation.framework/Versions/A/UIFoundation
0x00007ff813b18000 	/System/Library/PrivateFrameworks/RemoteViewServices.framework/Versions/A/RemoteViewServices
0x00007ff80be17000 	/System/Library/PrivateFrameworks/XCTTargetBootstrap.framework/Versions/A/XCTTargetBootstrap
0x00007ff80faef000 	/System/Library/PrivateFrameworks/InternationalSupport.framework/Versions/A/InternationalSupport
0x00007ff80fb79000 	/System/Library/PrivateFrameworks/UserActivity.framework/Versions/A/UserActivity
0x00007ff80eed6000 	/usr/lib/libspindump.dylib
0x00007ff8064fc000 	/System/Library/Frameworks/UniformTypeIdentifiers.framework/Versions/A/UniformTypeIdentifiers
0x00007ff80a556000 	/usr/lib/libapp_launch_measurement.dylib
0x00007ff80930b000 	/System/Library/PrivateFrameworks/CoreAnalytics.framework/Versions/A/CoreAnalytics
0x00007ff80a559000 	/System/Library/PrivateFrameworks/CoreAutoLayout.framework/Versions/A/CoreAutoLayout
0x00007ff80b778000 	/System/Library/Frameworks/Metal.framework/Versions/A/Metal
0x00007ff80c48f000 	/usr/lib/liblangid.dylib
0x00007ff80be1b000 	/System/Library/PrivateFrameworks/CoreSVG.framework/Versions/A/CoreSVG
0x00007ff8078be000 	/System/Library/PrivateFrameworks/SkyLight.framework/Versions/A/SkyLight
0x00007ff807c4f000 	/System/Library/Frameworks/CoreGraphics.framework/Versions/A/CoreGraphics
0x00007ff814183000 	/System/Library/Frameworks/Accelerate.framework/Versions/A/Accelerate
0x00007ff80e951000 	/System/Library/PrivateFrameworks/IconServices.framework/Versions/A/IconServices
0x00007ff80b75d000 	/System/Library/Frameworks/IOSurface.framework/Versions/A/IOSurface
0x00007ff809339000 	/usr/lib/libDiagnosticMessagesClient.dylib
0x00007ff80db3e000 	/usr/lib/libz.1.dylib
0x00007ff8177e2000 	/System/Library/Frameworks/ApplicationServices.framework/Versions/A/ApplicationServices
0x00007ff80be03000 	/System/Library/PrivateFrameworks/DFRFoundation.framework/Versions/A/DFRFoundation
0x00007ff804cd2000 	/usr/lib/libicucore.A.dylib
0x00007ff810811000 	/System/Library/Frameworks/AudioToolbox.framework/Versions/A/AudioToolbox
0x00007ff80fafb000 	/System/Library/PrivateFrameworks/DataDetectorsCore.framework/Versions/A/DataDetectorsCore
0x00007ff90b290000 	/System/Library/PrivateFrameworks/TextInput.framework/Versions/A/TextInput
0x00007ff807841000 	/usr/lib/libMobileGestalt.dylib
0x00007ff80bb0b000 	/System/Library/Frameworks/Carbon.framework/Versions/A/Frameworks/HIToolbox.framework/Versions/A/HIToolbox
0x00007ff809f84000 	/System/Library/Frameworks/QuartzCore.framework/Versions/A/QuartzCore
0x00007ff804973000 	/System/Library/Frameworks/Security.framework/Versions/A/Security
0x00007ff813b50000 	/System/Library/Frameworks/Carbon.framework/Versions/A/Frameworks/SpeechRecognition.framework/Versions/A/SpeechRecognition
0x00007ff80a2b6000 	/System/Library/PrivateFrameworks/CoreUI.framework/Versions/A/CoreUI
0x00007ff80424d000 	/System/Library/Frameworks/CoreAudio.framework/Versions/A/CoreAudio
0x00007ff809427000 	/System/Library/Frameworks/DiskArbitration.framework/Versions/A/DiskArbitration
0x00007ff80f2b9000 	/System/Library/PrivateFrameworks/MultitouchSupport.framework/Versions/A/MultitouchSupport
0x00007ff807840000 	/usr/lib/libenergytrace.dylib
0x00007ff8052cd000 	/System/Library/Frameworks/IOKit.framework/Versions/A/IOKit
0x00007ff813f3a000 	/System/Library/Frameworks/CoreServices.framework/Versions/A/CoreServices
0x00007ff80a4f0000 	/System/Library/PrivateFrameworks/PerformanceAnalysis.framework/Versions/A/PerformanceAnalysis
0x00007ffa1acff000 	/System/Library/Frameworks/OpenGL.framework/Versions/A/OpenGL
0x00007ff80d176000 	/System/Library/PrivateFrameworks/MobileKeyBag.framework/Versions/A/MobileKeyBag
0x00007ff802894000 	/usr/lib/libobjc.A.dylib
0x00007ff80837e000 	/System/Library/Frameworks/ColorSync.framework/Versions/A/ColorSync
0x00007ff802a50000 	/System/Library/Frameworks/CoreFoundation.framework/Versions/A/CoreFoundation
0x00007ff80c096000 	/System/Library/Frameworks/CoreImage.framework/Versions/A/CoreImage
0x00007ff804063000 	/System/Library/Frameworks/CoreText.framework/Versions/A/CoreText
0x00007ff80be4a000 	/System/Library/Frameworks/ImageIO.framework/Versions/A/ImageIO
0x00007ff80dc2a000 	/System/Library/PrivateFrameworks/SoftLinking.framework/Versions/A/SoftLinking
0x00007ff80a5a1000 	/usr/lib/libxml2.2.dylib
0x00007ff80295d000 	/usr/lib/libc++.1.dylib
0x00007ff80deaa000 	/usr/lib/libcompression.dylib
0x00007ff80fa25000 	/System/Library/PrivateFrameworks/TextureIO.framework/Versions/A/TextureIO
0x00007ff80e5ca000 	/usr/lib/libate.dylib
0x00007ff80dc1f000 	/usr/lib/system/libcache.dylib
0x00007ff80dbdb000 	/usr/lib/system/libcommonCrypto.dylib
0x00007ff80dc04000 	/usr/lib/system/libcompiler_rt.dylib
0x00007ff80dbfa000 	/usr/lib/system/libcopyfile.dylib
0x00007ff80278e000 	/usr/lib/system/libcorecrypto.dylib
0x00007ff80284d000 	/usr/lib/system/libdispatch.dylib
0x00007ff802a0f000 	/usr/lib/system/libdyld.dylib
0x00007ff80dc16000 	/usr/lib/system/libkeymgr.dylib
0x00007ff80dbb9000 	/usr/lib/system/libmacho.dylib
0x00007ff80d24a000 	/usr/lib/system/libquarantine.dylib
0x00007ff80dc14000 	/usr/lib/system/libremovefile.dylib
0x00007ff80788d000 	/usr/lib/system/libsystem_asl.dylib
0x00007ff80273c000 	/usr/lib/system/libsystem_blocks.dylib
0x00007ff8028d4000 	/usr/lib/system/libsystem_c.dylib
0x00007ff80dc0c000 	/usr/lib/system/libsystem_collections.dylib
0x00007ff80c480000 	/usr/lib/system/libsystem_configuration.dylib
0x00007ff80b740000 	/usr/lib/system/libsystem_containermanager.dylib
0x00007ff80d8f2000 	/usr/lib/system/libsystem_coreservices.dylib
0x00007ff804f5b000 	/usr/lib/system/libsystem_darwin.dylib
0x00007ff80dc17000 	/usr/lib/system/libsystem_dnssd.dylib
0x00007ff8028d1000 	/usr/lib/system/libsystem_featureflags.dylib
0x00007ff802a25000 	/usr/lib/system/libsystem_info.dylib
0x00007ff80db51000 	/usr/lib/system/libsystem_m.dylib
0x00007ff802821000 	/usr/lib/system/libsystem_malloc.dylib
0x00007ff80782a000 	/usr/lib/system/libsystem_networkextension.dylib
0x00007ff805383000 	/usr/lib/system/libsystem_notify.dylib
0x00007ff813e11000 	/usr/lib/system/libsystem_product_info_filter.dylib
0x00007ff80c484000 	/usr/lib/system/libsystem_sandbox.dylib
0x00007ff80dc11000 	/usr/lib/system/libsystem_secinit.dylib
0x00007ff8029cc000 	/usr/lib/system/libsystem_kernel.dylib
0x00007ff802a1b000 	/usr/lib/system/libsystem_platform.dylib
0x00007ff802a03000 	/usr/lib/system/libsystem_pthread.dylib
0x00007ff809151000 	/usr/lib/system/libsystem_symptoms.dylib
0x00007ff802775000 	/usr/lib/system/libsystem_trace.dylib
0x00007ff80dbe7000 	/usr/lib/system/libunwind.dylib
0x00007ff80273e000 	/usr/lib/system/libxpc.dylib
0x00007ff8029b6000 	/usr/lib/libc++abi.dylib
0x00007ff80dbf2000 	/usr/lib/liboah.dylib
0x00007ff80e383000 	/usr/lib/liblzma.5.dylib
0x00007ff80350d000 	/System/Library/Frameworks/SystemConfiguration.framework/Versions/A/SystemConfiguration
0x00007ff80dc26000 	/usr/lib/libfakelink.dylib
0x00007ff807394000 	/System/Library/Frameworks/CFNetwork.framework/Versions/A/CFNetwork
0x00007ff80dd65000 	/usr/lib/libarchive.2.dylib
0x00007ff80c48b000 	/System/Library/PrivateFrameworks/AppleSystemInfo.framework/Versions/A/AppleSystemInfo
0x00007ff80d270000 	/usr/lib/libbsm.0.dylib
0x00007ff8069cb000 	/usr/lib/libnetwork.dylib
0x00007ff80dbbf000 	/usr/lib/system/libkxld.dylib
0x00007ff80ce9f000 	/System/Library/PrivateFrameworks/IOMobileFramebuffer.framework/Versions/A/IOMobileFramebuffer
0x00007ffb186a1000 	/usr/lib/libCoreEntitlements.dylib
0x00007ff80d8d4000 	/System/Library/PrivateFrameworks/AppleFSCompression.framework/Versions/A/AppleFSCompression
0x00007ff80d259000 	/usr/lib/libcoretls.dylib
0x00007ff80e39d000 	/usr/lib/libcoretls_cfhelpers.dylib
0x00007ff80dea5000 	/usr/lib/libpam.2.dylib
0x00007ff808d77000 	/usr/lib/libsqlite3.dylib
0x00007ff80e40c000 	/usr/lib/libxar.1.dylib
0x00007ff80d8e4000 	/usr/lib/libbz2.1.0.dylib
0x00007ff80dc2b000 	/usr/lib/libpcap.A.dylib
0x00007ff809148000 	/usr/lib/libdns_services.dylib
0x00007ff80de77000 	/usr/lib/libapple_nghttp2.dylib
0x00007ff80dc62000 	/usr/lib/libiconv.2.dylib
0x00007ff80dbb8000 	/usr/lib/libcharset.1.dylib
0x00007ff80a524000 	/System/Library/Frameworks/CoreServices.framework/Versions/A/Frameworks/FSEvents.framework/Versions/A/FSEvents
0x00007ff804f65000 	/System/Library/Frameworks/CoreServices.framework/Versions/A/Frameworks/CarbonCore.framework/Versions/A/CarbonCore
0x00007ff80938c000 	/System/Library/Frameworks/CoreServices.framework/Versions/A/Frameworks/Metadata.framework/Versions/A/Metadata
0x00007ff80d8f7000 	/System/Library/Frameworks/CoreServices.framework/Versions/A/Frameworks/OSServices.framework/Versions/A/OSServices
0x00007ff80ddeb000 	/System/Library/Frameworks/CoreServices.framework/Versions/A/Frameworks/SearchKit.framework/Versions/A/SearchKit
0x00007ff8090da000 	/System/Library/Frameworks/CoreServices.framework/Versions/A/Frameworks/AE.framework/Versions/A/AE
0x00007ff802f51000 	/System/Library/Frameworks/CoreServices.framework/Versions/A/Frameworks/LaunchServices.framework/Versions/A/LaunchServices
0x00007ff80e334000 	/System/Library/Frameworks/CoreServices.framework/Versions/A/Frameworks/DictionaryServices.framework/Versions/A/DictionaryServices
0x00007ff80a531000 	/System/Library/Frameworks/CoreServices.framework/Versions/A/Frameworks/SharedFileList.framework/Versions/A/SharedFileList
0x00007ff80d24d000 	/usr/lib/libCheckFix.dylib
0x00007ff8078a4000 	/System/Library/PrivateFrameworks/TCC.framework/Versions/A/TCC
0x00007ff80c491000 	/System/Library/PrivateFrameworks/CoreNLP.framework/Versions/A/CoreNLP
0x00007ff80933c000 	/System/Library/PrivateFrameworks/MetadataUtilities.framework/Versions/A/MetadataUtilities
0x00007ff8035bd000 	/usr/lib/libmecabra.dylib
0x00007ff80d280000 	/usr/lib/libmecab.dylib
0x00007ff803588000 	/usr/lib/libCRFSuite.dylib
0x00007ff80d2dd000 	/usr/lib/libgermantok.dylib
0x00007ff80de52000 	/usr/lib/libThaiTokenizer.dylib
0x00007ff80942e000 	/System/Library/Frameworks/Accelerate.framework/Versions/A/Frameworks/vImage.framework/Versions/A/vImage
0x00007ff813f11000 	/System/Library/Frameworks/Accelerate.framework/Versions/A/Frameworks/vecLib.framework/Versions/A/vecLib
0x00007ff80e44d000 	/System/Library/Frameworks/Accelerate.framework/Versions/A/Frameworks/vecLib.framework/Versions/A/libvMisc.dylib
0x00007ff80cc93000 	/System/Library/Frameworks/Accelerate.framework/Versions/A/Frameworks/vecLib.framework/Versions/A/libvDSP.dylib
0x00007ff8032c9000 	/System/Library/Frameworks/Accelerate.framework/Versions/A/Frameworks/vecLib.framework/Versions/A/libBLAS.dylib
0x00007ff80df87000 	/System/Library/Frameworks/Accelerate.framework/Versions/A/Frameworks/vecLib.framework/Versions/A/libLAPACK.dylib
0x00007ff80d2e0000 	/System/Library/Frameworks/Accelerate.framework/Versions/A/Frameworks/vecLib.framework/Versions/A/libLinearAlgebra.dylib
0x00007ff80de90000 	/System/Library/Frameworks/Accelerate.framework/Versions/A/Frameworks/vecLib.framework/Versions/A/libSparseBLAS.dylib
0x00007ff80df81000 	/System/Library/Frameworks/Accelerate.framework/Versions/A/Frameworks/vecLib.framework/Versions/A/libQuadrature.dylib
0x00007ff80c57b000 	/System/Library/Frameworks/Accelerate.framework/Versions/A/Frameworks/vecLib.framework/Versions/A/libBNNS.dylib
0x00007ff80349e000 	/System/Library/Frameworks/Accelerate.framework/Versions/A/Frameworks/vecLib.framework/Versions/A/libSparse.dylib
0x00007ff80c574000 	/System/Library/PrivateFrameworks/LinguisticData.framework/Versions/A/LinguisticData
0x00007ff803453000 	/System/Library/PrivateFrameworks/Lexicon.framework/Versions/A/Lexicon
0x00007ff80e446000 	/usr/lib/libChineseTokenizer.dylib
0x00007ff803bb7000 	/System/Library/PrivateFrameworks/LanguageModeling.framework/Versions/A/LanguageModeling
0x00007ff80de54000 	/System/Library/PrivateFrameworks/AppleSauce.framework/Versions/A/AppleSauce
0x00007ff80ce8d000 	/System/Library/PrivateFrameworks/CoreEmoji.framework/Versions/A/CoreEmoji
0x00007ff80dd54000 	/usr/lib/libcmph.dylib
0x00007ff80a508000 	/System/Library/Frameworks/OpenDirectory.framework/Versions/A/Frameworks/CFOpenDirectory.framework/Versions/A/CFOpenDirectory
0x00007ff80a4fc000 	/System/Library/Frameworks/OpenDirectory.framework/Versions/A/OpenDirectory
0x00007ff80e39f000 	/System/Library/PrivateFrameworks/APFS.framework/Versions/A/APFS
0x00007ff80d1ae000 	/System/Library/Frameworks/SecurityFoundation.framework/Versions/A/SecurityFoundation
0x00007ff80e41a000 	/usr/lib/libutil.dylib
0x00007ff805290000 	/System/Library/PrivateFrameworks/CoreServicesStore.framework/Versions/A/CoreServicesStore
0x00007ff80e41e000 	/usr/lib/libxslt.1.dylib
0x00007ff80d23b000 	/System/Library/PrivateFrameworks/BackgroundTaskManagement.framework/Versions/A/BackgroundTaskManagement
0x00007ff80f947000 	/System/Library/Frameworks/ImageIO.framework/Versions/A/Resources/libRadiance.dylib
0x00007ff80f950000 	/System/Library/Frameworks/ImageIO.framework/Versions/A/Resources/libJPEG.dylib
0x00007ff80f8a1000 	/System/Library/Frameworks/ImageIO.framework/Versions/A/Resources/libPng.dylib
0x00007ff80f8c2000 	/System/Library/Frameworks/ImageIO.framework/Versions/A/Resources/libTIFF.dylib
0x00007ff80f9ae000 	/System/Library/Frameworks/ImageIO.framework/Versions/A/Resources/libGIF.dylib
0x00007ff80f1d6000 	/System/Library/Frameworks/ImageIO.framework/Versions/A/Resources/libJP2.dylib
0x00007ff80e918000 	/usr/lib/libexpat.1.dylib
0x00007ff80f18b000 	/System/Library/PrivateFrameworks/AppleJPEG.framework/Versions/A/AppleJPEG
0x00007ff80b9d2000 	/System/Library/PrivateFrameworks/FontServices.framework/libFontParser.dylib
0x00007ff809084000 	/System/Library/PrivateFrameworks/RunningBoardServices.framework/Versions/A/RunningBoardServices
0x00007ff81a0b1000 	/System/Library/PrivateFrameworks/IOSurfaceAccelerator.framework/Versions/A/IOSurfaceAccelerator
0x00007ff80f2b5000 	/System/Library/PrivateFrameworks/WatchdogClient.framework/Versions/A/WatchdogClient
0x00007ff803ca6000 	/System/Library/Frameworks/CoreDisplay.framework/Versions/A/CoreDisplay
0x00007ff80b8d2000 	/System/Library/Frameworks/CoreMedia.framework/Versions/A/CoreMedia
0x00007ff80b76f000 	/System/Library/PrivateFrameworks/IOAccelerator.framework/Versions/A/IOAccelerator
0x00007ff80a684000 	/System/Library/Frameworks/CoreVideo.framework/Versions/A/CoreVideo
0x00007ff80dea3000 	/System/Library/Frameworks/MetalPerformanceShaders.framework/Versions/A/MetalPerformanceShaders
0x00007ff80f2f0000 	/System/Library/Frameworks/VideoToolbox.framework/Versions/A/VideoToolbox
0x00007ff808fcc000 	/System/Library/PrivateFrameworks/BaseBoard.framework/Versions/A/BaseBoard
0x00007ff808d5d000 	/System/Library/PrivateFrameworks/ProtocolBuffer.framework/Versions/A/ProtocolBuffer
0x00007ff80f940000 	/System/Library/PrivateFrameworks/GPUWrangler.framework/Versions/A/GPUWrangler
0x00007ff80f923000 	/System/Library/PrivateFrameworks/IOPresentment.framework/Versions/A/IOPresentment
0x00007ff80f94a000 	/System/Library/PrivateFrameworks/DSExternalDisplay.framework/Versions/A/DSExternalDisplay
0x00007ffa1acf3000 	/System/Library/Frameworks/OpenGL.framework/Versions/A/Libraries/libCoreFSCache.dylib
0x00007ffb06ca0000 	/System/Library/PrivateFrameworks/GPUCompiler.framework/Versions/31001/Libraries/libGPUCompilerUtils.dylib
0x00007ff80f9b3000 	/System/Library/PrivateFrameworks/CMCaptureCore.framework/Versions/A/CMCaptureCore
0x00007ff80eec4000 	/System/Library/PrivateFrameworks/AppServerSupport.framework/Versions/A/AppServerSupport
0x00007ff81108e000 	/System/Library/PrivateFrameworks/perfdata.framework/Versions/A/perfdata
0x00007ff803dd2000 	/System/Library/PrivateFrameworks/AudioToolboxCore.framework/Versions/A/AudioToolboxCore
0x00007ff80b8af000 	/System/Library/PrivateFrameworks/caulk.framework/Versions/A/caulk
0x00007ff8109bb000 	/usr/lib/libAudioStatistics.dylib
0x00007ff907b4f000 	/System/Library/PrivateFrameworks/SystemPolicy.framework/Versions/A/SystemPolicy
0x00007ff810c07000 	/usr/lib/libSMC.dylib
0x00007ff8199f3000 	/System/Library/Frameworks/CoreMIDI.framework/Versions/A/CoreMIDI
0x00007ff80f871000 	/usr/lib/libAudioToolboxUtility.dylib
0x00007ff903fd7000 	/System/Library/PrivateFrameworks/OSAServicesClient.framework/Versions/A/OSAServicesClient
0x00007ff81109b000 	/usr/lib/libperfcheck.dylib
0x00007ff9085db000 	/usr/lib/libmis.dylib
0x00007ffa1ad4f000 	/System/Library/Frameworks/OpenGL.framework/Versions/A/Libraries/libGLU.dylib
0x00007ffa1ad12000 	/System/Library/Frameworks/OpenGL.framework/Versions/A/Libraries/libGFXShared.dylib
0x00007ffa1af20000 	/System/Library/Frameworks/OpenGL.framework/Versions/A/Libraries/libGL.dylib
0x00007ffa1ad1b000 	/System/Library/Frameworks/OpenGL.framework/Versions/A/Libraries/libGLImage.dylib
0x00007ffa1ad0f000 	/System/Library/Frameworks/OpenGL.framework/Versions/A/Libraries/libCVMSPluginSupport.dylib
0x00007ffa1acfa000 	/System/Library/Frameworks/OpenGL.framework/Versions/A/Libraries/libCoreVMClient.dylib
0x00007ff80c40f000 	/System/Library/Frameworks/MetalPerformanceShaders.framework/Versions/A/Frameworks/MPSCore.framework/Versions/A/MPSCore
0x00007ff80d83f000 	/System/Library/Frameworks/MetalPerformanceShaders.framework/Versions/A/Frameworks/MPSImage.framework/Versions/A/MPSImage
0x00007ff80d2f6000 	/System/Library/Frameworks/MetalPerformanceShaders.framework/Versions/A/Frameworks/MPSNeuralNetwork.framework/Versions/A/MPSNeuralNetwork
0x00007ff80d76b000 	/System/Library/Frameworks/MetalPerformanceShaders.framework/Versions/A/Frameworks/MPSMatrix.framework/Versions/A/MPSMatrix
0x00007ff80d527000 	/System/Library/Frameworks/MetalPerformanceShaders.framework/Versions/A/Frameworks/MPSRayIntersector.framework/Versions/A/MPSRayIntersector
0x00007ff80d7a4000 	/System/Library/Frameworks/MetalPerformanceShaders.framework/Versions/A/Frameworks/MPSNDArray.framework/Versions/A/MPSNDArray
0x00007ffa1f8f8000 	/System/Library/Frameworks/MetalPerformanceShaders.framework/Versions/A/Frameworks/MPSFunctions.framework/Versions/A/MPSFunctions
0x00007ff8031ac000 	/System/Library/PrivateFrameworks/MetalTools.framework/Versions/A/MetalTools
0x00007ff80c489000 	/System/Library/PrivateFrameworks/AggregateDictionary.framework/Versions/A/AggregateDictionary
0x00007ff80e6fa000 	/usr/lib/libIOReport.dylib
0x00007ffa1c32f000 	/System/Library/Frameworks/OpenCL.framework/Versions/A/OpenCL
0x00007ff80ea5e000 	/System/Library/PrivateFrameworks/FaceCore.framework/Versions/A/FaceCore
0x00007ff80ea4f000 	/System/Library/PrivateFrameworks/GraphVisualizer.framework/Versions/A/GraphVisualizer
0x00007ffb06bab000 	/System/Library/PrivateFrameworks/FontServices.framework/Versions/A/FontServices
0x00007ff80ee7b000 	/System/Library/PrivateFrameworks/OTSVG.framework/Versions/A/OTSVG
0x00007ff80a26c000 	/System/Library/Frameworks/ApplicationServices.framework/Versions/A/Frameworks/ATS.framework/Versions/A/Resources/libFontRegistry.dylib
0x00007ff80eecc000 	/System/Library/PrivateFrameworks/FontServices.framework/libhvf.dylib
0x00007ffb06bac000 	/System/Library/PrivateFrameworks/FontServices.framework/libXTFontStaticRegistryData.dylib
0x00007ff80e8c8000 	/System/Library/PrivateFrameworks/AppleVA.framework/Versions/A/AppleVA
0x00007ff8109db000 	/System/Library/Frameworks/ApplicationServices.framework/Versions/A/Frameworks/ATS.framework/Versions/A/ATS
0x00007ff80847a000 	/System/Library/Frameworks/ApplicationServices.framework/Versions/A/Frameworks/HIServices.framework/Versions/A/HIServices
0x00007ff80f9bd000 	/System/Library/Frameworks/ApplicationServices.framework/Versions/A/Frameworks/PrintCore.framework/Versions/A/PrintCore
0x00007ff810d5a000 	/System/Library/Frameworks/ApplicationServices.framework/Versions/A/Frameworks/QD.framework/Versions/A/QD
0x00007ff810d52000 	/System/Library/Frameworks/ApplicationServices.framework/Versions/A/Frameworks/ColorSyncLegacy.framework/Versions/A/ColorSyncLegacy
0x00007ff8109cb000 	/System/Library/Frameworks/ApplicationServices.framework/Versions/A/Frameworks/SpeechSynthesis.framework/Versions/A/SpeechSynthesis
0x00007ff80f97e000 	/System/Library/Frameworks/ApplicationServices.framework/Versions/A/Frameworks/ATSUI.framework/Versions/A/ATSUI
0x00007ff810ce7000 	/usr/lib/libcups.2.dylib
0x00007ff8110aa000 	/System/Library/Frameworks/Kerberos.framework/Versions/A/Kerberos
0x00007ff8110b9000 	/System/Library/Frameworks/GSS.framework/Versions/A/GSS
0x00007ff810a47000 	/usr/lib/libresolv.9.dylib
0x00007ff80eedb000 	/System/Library/PrivateFrameworks/Heimdal.framework/Versions/A/Heimdal
0x00007ff817b5d000 	/System/Library/Frameworks/Kerberos.framework/Versions/A/Libraries/libHeimdalProxy.dylib
0x00007ff809159000 	/System/Library/Frameworks/Network.framework/Versions/A/Network
0x00007ff80e932000 	/usr/lib/libheimdal-asn1.dylib
0x00007ff811104000 	/System/Library/PrivateFrameworks/CommonAuth.framework/Versions/A/CommonAuth
0x00007ff81094c000 	/System/Library/PrivateFrameworks/AudioSession.framework/Versions/A/AudioSession
0x00007ff80e9c2000 	/System/Library/PrivateFrameworks/MediaExperience.framework/Versions/A/MediaExperience
0x00007ff8107e0000 	/System/Library/PrivateFrameworks/AudioSession.framework/libSessionUtility.dylib
0x00007ff810d66000 	/System/Library/PrivateFrameworks/AudioResourceArbitration.framework/Versions/A/AudioResourceArbitration
0x00007ff80e93b000 	/System/Library/PrivateFrameworks/IconFoundation.framework/Versions/A/IconFoundation
0x00007ff813b40000 	/System/Library/PrivateFrameworks/SpeechRecognitionCore.framework/Versions/A/SpeechRecognitionCore
0x000000010de99000 	/Library/Java/JavaVirtualMachines/jdk-11.0.13.jdk/Contents/Home/lib/server/libjvm.dylib
0x000000010d1b8000 	/Library/Java/JavaVirtualMachines/jdk-11.0.13.jdk/Contents/Home/lib/libverify.dylib
0x000000010d1dc000 	/Library/Java/JavaVirtualMachines/jdk-11.0.13.jdk/Contents/Home/lib/libjava.dylib
0x000000010d14a000 	/Library/Java/JavaVirtualMachines/jdk-11.0.13.jdk/Contents/Home/lib/libjimage.dylib
0x000000010d252000 	/Library/Java/JavaVirtualMachines/jdk-11.0.13.jdk/Contents/Home/lib/libinstrument.dylib
0x000000010d30c000 	/private/var/folders/zx/93k94gtx7wx196g0glm5c4nm0000gp/T/libasyncProfiler.so
0x000000010d2c5000 	/Library/Java/JavaVirtualMachines/jdk-11.0.13.jdk/Contents/Home/lib/libzip.dylib
0x000000012f9c4000 	/Library/Java/JavaVirtualMachines/jdk-11.0.13.jdk/Contents/Home/lib/libnio.dylib
0x000000012fa08000 	/Library/Java/JavaVirtualMachines/jdk-11.0.13.jdk/Contents/Home/lib/libnet.dylib
0x000000010d17f000 	/Library/Java/JavaVirtualMachines/jdk-11.0.13.jdk/Contents/Home/lib/libextnet.dylib
0x000000012fbf0000 	/Library/Java/JavaVirtualMachines/jdk-11.0.13.jdk/Contents/Home/lib/libmanagement.dylib
0x000000012fc13000 	/Library/Java/JavaVirtualMachines/jdk-11.0.13.jdk/Contents/Home/lib/libmanagement_ext.dylib


VM Arguments:
jvm_args: -XX:TieredStopAtLevel=1 -Xverify:none -Dspring.output.ansi.enabled=always -javaagent:/Applications/IntelliJ IDEA.app/Contents/lib/idea_rt.jar=51831:/Applications/IntelliJ IDEA.app/Contents/bin -Dcom.sun.management.jmxremote -Dspring.jmx.enabled=true -Dspring.liveBeansView.mbeanDomain -Dspring.application.admin.enabled=true -agentpath:/private/var/folders/zx/93k94gtx7wx196g0glm5c4nm0000gp/T/libasyncProfiler.so=start,jfr,event=cpu,interval=1ms,event=alloc,file=/Users/macbookm1/SpringbootThymeleafPhimApplication_2022_05_04_124501.jfr -Dfile.encoding=UTF-8 
java_command: com.example.springboot_thymeleaf_phim.SpringbootThymeleafPhimApplication
java_class_path (initial): /Users/macbookm1/Documents/GitHub/JE112101HV/HocVien/Dungtv/springboot_thymeleaf_phim/target/classes:/Users/macbookm1/.m2/repository/org/springframework/boot/spring-boot-starter-data-jpa/2.6.6/spring-boot-starter-data-jpa-2.6.6.jar:/Users/macbookm1/.m2/repository/org/springframework/boot/spring-boot-starter-aop/2.6.6/spring-boot-starter-aop-2.6.6.jar:/Users/macbookm1/.m2/repository/org/springframework/spring-aop/5.3.18/spring-aop-5.3.18.jar:/Users/macbookm1/.m2/repository/org/aspectj/aspectjweaver/1.9.7/aspectjweaver-1.9.7.jar:/Users/macbookm1/.m2/repository/org/springframework/boot/spring-boot-starter-jdbc/2.6.6/spring-boot-starter-jdbc-2.6.6.jar:/Users/macbookm1/.m2/repository/com/zaxxer/HikariCP/4.0.3/HikariCP-4.0.3.jar:/Users/macbookm1/.m2/repository/org/springframework/spring-jdbc/5.3.18/spring-jdbc-5.3.18.jar:/Users/macbookm1/.m2/repository/jakarta/transaction/jakarta.transaction-api/1.3.3/jakarta.transaction-api-1.3.3.jar:/Users/macbookm1/.m2/repository/jakarta/persistence/jakarta.persistence-api/2.2.3/jakarta.persistence-api-2.2.3.jar:/Users/macbookm1/.m2/repository/org/hibernate/hibernate-core/5.6.7.Final/hibernate-core-5.6.7.Final.jar:/Users/macbookm1/.m2/repository/net/bytebuddy/byte-buddy/1.11.22/byte-buddy-1.11.22.jar:/Users/macbookm1/.m2/repository/antlr/antlr/2.7.7/antlr-2.7.7.jar:/Users/macbookm1/.m2/repository/org/jboss/jandex/2.4.2.Final/jandex-2.4.2.Final.jar:/Users/macbookm1/.m2/repository/org/hibernate/common/hibernate-commons-annotations/5.1.2.Final/hibernate-commons-annotations-5.1.2.Final.jar:/Users/macbookm1/.m2/repository/org/glassfish/jaxb/jaxb-runtime/2.3.6/jaxb-runtime-2.3.6.jar:/Users/macbookm1/.m2/repository/org/glassfish/jaxb/txw2/2.3.6/txw2-2.3.6.jar:/Users/macbookm1/.m2/repository/com/sun/istack/istack-commons-runtime/3.0.12/istack-commons-runtime-3.0.12.jar:/Users/macbookm1/.m2/repository/com/sun/activation/jakarta.activation/1.2.2/jakarta.activation-1.2.2.jar:/Users/macbookm1/.m2/repository/org/springf
Launcher Type: SUN_STANDARD

[Global flags]
     bool BytecodeVerificationLocal                = false                                     {product} {command line}
     bool BytecodeVerificationRemote               = false                                     {product} {command line}
     intx CICompilerCount                          = 4                                         {product} {ergonomic}
     uint ConcGCThreads                            = 2                                         {product} {ergonomic}
     uint G1ConcRefinementThreads                  = 8                                         {product} {ergonomic}
   size_t G1HeapRegionSize                         = 1048576                                   {product} {ergonomic}
    uintx GCDrainStackTargetSize                   = 64                                        {product} {ergonomic}
   size_t InitialHeapSize                          = 134217728                                 {product} {ergonomic}
     bool ManagementServer                         = true                                      {product} {command line}
   size_t MarkStackSize                            = 4194304                                   {product} {ergonomic}
   size_t MaxHeapSize                              = 2147483648                                {product} {ergonomic}
   size_t MaxNewSize                               = 1287651328                                {product} {ergonomic}
   size_t MinHeapDeltaBytes                        = 1048576                                   {product} {ergonomic}
    uintx NonNMethodCodeHeapSize                   = 7549744                                {pd product} {ergonomic}
    uintx NonProfiledCodeHeapSize                  = 244108496                              {pd product} {ergonomic}
    uintx ProfiledCodeHeapSize                     = 0                                      {pd product} {ergonomic}
    uintx ReservedCodeCacheSize                    = 251658240                              {pd product} {ergonomic}
     bool SegmentedCodeCache                       = true                                      {product} {ergonomic}
     intx TieredStopAtLevel                        = 1                                         {product} {command line}
     bool UseCompressedClassPointers               = true                                 {lp64_product} {ergonomic}
     bool UseCompressedOops                        = true                                 {lp64_product} {ergonomic}
     bool UseG1GC                                  = true                                      {product} {ergonomic}

Logging:
Log output configuration:
 #0: stdout all=warning uptime,level,tags
 #1: stderr all=off uptime,level,tags

Environment Variables:
PATH=/usr/local/bin:/usr/bin:/bin:/usr/sbin:/sbin
SHELL=/bin/zsh

Signal Handlers:
SIGSEGV: [libjvm.dylib+0x787cc8], sa_mask[0]=11111111111111111111111111111111, sa_flags=SA_ONSTACK|SA_RESTART|SA_SIGINFO
SIGBUS: [libjvm.dylib+0x787cc8], sa_mask[0]=11111111111111111111111111111111, sa_flags=SA_RESTART|SA_SIGINFO
SIGFPE: [libjvm.dylib+0x787cc8], sa_mask[0]=11111111111111111111111111111111, sa_flags=SA_RESTART|SA_SIGINFO
SIGPIPE: [libjvm.dylib+0x63aa37], sa_mask[0]=11111111111111111111111111111111, sa_flags=SA_RESTART|SA_SIGINFO
SIGXFSZ: [libjvm.dylib+0x63aa37], sa_mask[0]=11111111111111111111111111111111, sa_flags=SA_RESTART|SA_SIGINFO
SIGILL: [libjvm.dylib+0x787cc8], sa_mask[0]=11111111111111111111111111111111, sa_flags=SA_RESTART|SA_SIGINFO
SIGUSR2: [libjvm.dylib+0x63b00c], sa_mask[0]=00100000000000000000000000000000, sa_flags=SA_RESTART|SA_SIGINFO
SIGHUP: [libjvm.dylib+0x639b0f], sa_mask[0]=11111111111111111111111111111111, sa_flags=SA_RESTART|SA_SIGINFO
SIGINT: [libjvm.dylib+0x639b0f], sa_mask[0]=11111111111111111111111111111111, sa_flags=SA_RESTART|SA_SIGINFO
SIGTERM: [libjvm.dylib+0x639b0f], sa_mask[0]=11111111111111111111111111111111, sa_flags=SA_RESTART|SA_SIGINFO
SIGQUIT: [libjvm.dylib+0x639b0f], sa_mask[0]=11111111111111111111111111111111, sa_flags=SA_RESTART|SA_SIGINFO


---------------  S Y S T E M  ---------------

OS:uname:Darwin 21.1.0 Darwin Kernel Version 21.1.0: Wed Oct 13 17:33:24 PDT 2021; root:xnu-8019.41.5~1/RELEASE_ARM64_T8101 x86_64
rlimit: STACK 8176k, CORE 0k, NPROC 1333, NOFILE 10240, AS infinity, DATA infinity, FSIZE infinity
load average:1.54 1.75 2.04

CPU:total 8 (initial active 8) (1 cores per cpu, 1 threads per core) family 6 model 44 stepping 0 microcode 0x0, cmov, cx8, fxsr, mmx, sse, sse2, sse3, ssse3, sse4.1, sse4.2, popcnt, aes, clmul, tsc, tscinvbit, tscinv

Memory: 4k page, physical 8388608k(27888k free)

vm_info: Java HotSpot(TM) 64-Bit Server VM (11.0.13+10-LTS-370) for bsd-amd64 JRE (11.0.13+10-LTS-370), built on Sep 15 2021 21:10:43 by "mach5one" with gcc 4.2.1 Compatible Apple LLVM 11.0.0 (clang-1100.0.33.17)

END.
